0 info it worked if it ends with ok
1 verbose cli [ '/wembli/node/bin/node',
1 verbose cli   '/wembli/node/bin/npm',
1 verbose cli   'install',
1 verbose cli   '-g',
1 verbose cli   'showoff-io' ]
2 info using npm@1.1.48
3 info using node@v0.8.6
4 verbose config file /Users/tom/.npmrc
5 verbose config file /wembli/node/etc/npmrc
6 verbose config file /wembli/node/lib/node_modules/npm/npmrc
7 verbose read json /wembli/node/lib/package.json
8 verbose read json /wembli/node/lib/package.json
9 verbose cache add [ 'showoff-io', null ]
10 silly cache add name=undefined spec="showoff-io" args=["showoff-io",null]
11 verbose parsed url { pathname: 'showoff-io',
11 verbose parsed url   path: 'showoff-io',
11 verbose parsed url   href: 'showoff-io' }
12 silly lockFile 59671862-showoff-io showoff-io
13 verbose lock showoff-io /Users/tom/.npm/59671862-showoff-io.lock
14 silly lockFile 59671862-showoff-io showoff-io
15 verbose addNamed [ 'showoff-io', '' ]
16 verbose addNamed [ null, '' ]
17 silly lockFile 49a06076-showoff-io showoff-io@
18 verbose lock showoff-io@ /Users/tom/.npm/49a06076-showoff-io.lock
19 silly addNameRange { name: 'showoff-io', range: '', hasData: false }
20 verbose url raw showoff-io
21 verbose url resolving [ 'https://registry.npmjs.org/', './showoff-io' ]
22 verbose url resolved https://registry.npmjs.org/showoff-io
23 info retry registry request attempt 1 at 09:55:25
24 http GET https://registry.npmjs.org/showoff-io
25 http 404 https://registry.npmjs.org/showoff-io
26 silly registry.get cb [ 404,
26 silly registry.get   { server: 'CouchDB/1.2.0 (Erlang OTP/R15B)',
26 silly registry.get     date: 'Tue, 18 Sep 2012 16:55:26 GMT',
26 silly registry.get     'content-type': 'application/json',
26 silly registry.get     'content-length': '52',
26 silly registry.get     'cache-control': 'must-revalidate' } ]
27 silly lockFile 49a06076-showoff-io showoff-io@
28 error 404 'showoff-io' is not in the npm registry.
28 error 404 You should bug the author to publish it
28 error 404
28 error 404 Note that you can also install from a
28 error 404 tarball, folder, or http url, or git url.
29 error System Darwin 11.4.0
30 error command "/wembli/node/bin/node" "/wembli/node/bin/npm" "install" "-g" "showoff-io"
31 error cwd /wembli/website/public/css/less
32 error node -v v0.8.6
33 error npm -v 1.1.48
34 error code E404
35 verbose exit [ 1, true ]
