info it worked if it ends with ok
verbose cli [ 'node', '/wembli/node/bin/npm', '-g', 'install', 'nodemon' ]
info using npm@1.1.0-alpha-6
info using node@v0.6.5
verbose /wembli/node/bin/node node symlink
verbose config file /home/rob/.npmrc
verbose config file /wembli/node/etc/npmrc
verbose config file /home/wembli/node-v0.6.5/lib/node_modules/npm/npmrc
verbose into /wembli/node/lib [ 'nodemon' ]
verbose cache add nodemon
verbose cache add [ 'nodemon', null ]
silly cache add: name, spec, args [ undefined, 'nodemon', [ 'nodemon', null ] ]
verbose parsed url { pathname: 'nodemon', path: 'nodemon', href: 'nodemon' }
info addNamed [ 'nodemon', '' ]
verbose addNamed [ null, '' ]
verbose GET nodemon
verbose raw, before any munging nodemon
verbose url resolving [ 'https://registry.npmjs.org/', './nodemon' ]
verbose url resolved https://registry.npmjs.org/nodemon
verbose etag "O3N19KP7KK6GHEYQH7R8ZSB5"
silly get cb [ 304,
silly get cb   { server: 'CouchDB/1.1.0 (Erlang OTP/R14B04)',
silly get cb     etag: '"O3N19KP7KK6GHEYQH7R8ZSB5"',
silly get cb     date: 'Tue, 20 Dec 2011 22:48:29 GMT',
silly get cb     'content-length': '0' } ]
verbose etag nodemon from cache
verbose GET nodemon/0.5.7
verbose raw, before any munging nodemon/0.5.7
verbose url resolving [ 'https://registry.npmjs.org/', './nodemon/0.5.7' ]
verbose url resolved https://registry.npmjs.org/nodemon/0.5.7
verbose etag "O3N19KP7KK6GHEYQH7R8ZSB5"
silly get cb [ 304,
silly get cb   { server: 'CouchDB/1.1.0 (Erlang OTP/R14B04)',
silly get cb     etag: '"O3N19KP7KK6GHEYQH7R8ZSB5"',
silly get cb     date: 'Tue, 20 Dec 2011 22:48:29 GMT',
silly get cb     'content-length': '0' } ]
verbose etag nodemon/0.5.7 from cache
verbose bin dist [ '0.6-ares1.7.5-DEV-evundefined-openssl0.9.8e-fips-rhel5-v83.6.6.11-linux-x64-2.6.35.4-rscloud',
verbose bin dist   { shasum: '19de72490fb0146ff78c67e46b86942128d13b24',
verbose bin dist     tarball: 'http://registry.npmjs.org/nodemon/-/nodemon-0.5.7.tgz' } ]
verbose caching /home/rob/.npm/nodemon/0.5.7/package/package.json
verbose loadDefaults nodemon@0.5.7
silly resolved [ { name: 'nodemon',
silly resolved     homepage: 'http://github.com/remy/nodemon',
silly resolved     author: { name: 'Remy Sharp', url: 'http://github.com/remy' },
silly resolved     bin: { nodemon: './nodemon.js' },
silly resolved     repository: { type: 'git', url: 'git://github.com/remy/nodemon.git' },
silly resolved     description: 'Simple monitor script for use during development of a node.js app.',
silly resolved     keywords: 
silly resolved      [ 'monitor',
silly resolved        'development',
silly resolved        'restart',
silly resolved        'autoload',
silly resolved        'reload',
silly resolved        'terminal' ],
silly resolved     version: '0.5.7',
silly resolved     preferGlobal: 'true',
silly resolved     main: './nodemon',
silly resolved     _id: 'nodemon@0.5.7',
silly resolved     dependencies: {},
silly resolved     devDependencies: {},
silly resolved     engines: { node: '*' },
silly resolved     _engineSupported: true,
silly resolved     _npmVersion: '1.1.0-alpha-6',
silly resolved     _nodeVersion: 'v0.6.5',
silly resolved     _defaultsLoaded: true } ]
info into /wembli/node/lib nodemon@0.5.7
info installOne nodemon@0.5.7
info unbuild /wembli/node/lib/node_modules/nodemon
verbose from cache /home/rob/.npm/nodemon/0.5.7/package/package.json
verbose mkdir (expected) error ENOENT, no such file or directory '/wembli/node/lib/node_modules/___nodemon.npm'
verbose unpack_ uid, gid [ undefined, undefined ]
verbose unpackTarget /wembli/node/lib/node_modules/nodemon
ERR! Could not create /wembli/node/lib/node_modules/___nodemon.npm
ERR! error installing nodemon@0.5.7 Error: EACCES, permission denied '/wembli/node/lib/node_modules/___nodemon.npm'
info unbuild /wembli/node/lib/node_modules/nodemon
verbose installOne cb nodemon@0.5.7
ERR! Error: EACCES, permission denied '/wembli/node/lib/node_modules/___nodemon.npm'
ERR! Report this *entire* log at:
ERR!     <http://github.com/isaacs/npm/issues>
ERR! or email it to:
ERR!     <npm-@googlegroups.com>
ERR! 
ERR! System Linux 2.6.35.4-rscloud
ERR! command "node" "/wembli/node/bin/npm" "-g" "install" "nodemon"
ERR! cwd /home/rob/wembli/website
ERR! node -v v0.6.5
ERR! npm -v 1.1.0-alpha-6
ERR! path /wembli/node/lib/node_modules/___nodemon.npm
ERR! code EACCES
ERR! message EACCES, permission denied '/wembli/node/lib/node_modules/___nodemon.npm'
verbose exit [ 1, true ]
